<?xml version="1.0" encoding="UTF-8" ?>
<testsuites>
 <testsuite name="Tictactoe API" timestamp="2016-12-17T19:55:14" hostname="localhost" time="5.003" errors="0" tests="1" skipped="0" disabled="0" failures="3">
  <testcase classname="Tictactoe API" name="should be able to play game to end" time="5.003">
   <failure type="exception" message="Error: Timeout - Async callback was not invoked within timeout specified by jasmine.DEFAULT_TIMEOUT_INTERVAL."><![CDATA[Error: Timeout - Async callback was not invoked within timeout specified by jasmine.DEFAULT_TIMEOUT_INTERVAL.
    at Timeout._onTimeout (/home/birkirfreyr/Desktop/3vikna/dt1/reference-tictactoe/node_modules/jasmine-core/lib/jasmine-core/jasmine.js:1973:23)
    at ontimeout (timers.js:365:14)
    at tryOnTimeout (timers.js:237:5)
    at Timer.listOnTimeout (timers.js:207:5)]]>
   </failure>
   <failure type="toBe" message="Expected &apos;Tictactoe API acceptance test&apos; to be &apos;implemented here&apos;."><![CDATA[Error: Expected 'Tictactoe API acceptance test' to be 'implemented here'.
    at stack (/home/birkirfreyr/Desktop/3vikna/dt1/reference-tictactoe/node_modules/jasmine-core/lib/jasmine-core/jasmine.js:1640:17)
    at buildExpectationResult (/home/birkirfreyr/Desktop/3vikna/dt1/reference-tictactoe/node_modules/jasmine-core/lib/jasmine-core/jasmine.js:1610:14)
    at Spec.expectationResultFactory (/home/birkirfreyr/Desktop/3vikna/dt1/reference-tictactoe/node_modules/jasmine-core/lib/jasmine-core/jasmine.js:655:18)
    at Spec.addExpectationResult (/home/birkirfreyr/Desktop/3vikna/dt1/reference-tictactoe/node_modules/jasmine-core/lib/jasmine-core/jasmine.js:342:34)
    at Expectation.addExpectationResult (/home/birkirfreyr/Desktop/3vikna/dt1/reference-tictactoe/node_modules/jasmine-core/lib/jasmine-core/jasmine.js:599:21)
    at Expectation.toBe (/home/birkirfreyr/Desktop/3vikna/dt1/reference-tictactoe/node_modules/jasmine-core/lib/jasmine-core/jasmine.js:1564:12)
    at Object.<anonymous> (/home/birkirfreyr/Desktop/3vikna/dt1/reference-tictactoe/apitest/tictactoe.spec.js:36:49)
    at attemptAsync (/home/birkirfreyr/Desktop/3vikna/dt1/reference-tictactoe/node_modules/jasmine-core/lib/jasmine-core/jasmine.js:1980:24)
    at QueueRunner.run (/home/birkirfreyr/Desktop/3vikna/dt1/reference-tictactoe/node_modules/jasmine-core/lib/jasmine-core/jasmine.js:1935:9)
    at /home/birkirfreyr/Desktop/3vikna/dt1/reference-tictactoe/node_modules/jasmine-core/lib/jasmine-core/jasmine.js:1962:16]]>
   </failure>
   <failure type="exception" message="TypeError: Cannot read property &apos;disconnect&apos; of undefined"><![CDATA[TypeError: Cannot read property 'disconnect' of undefined
    at Object.<anonymous> (/home/birkirfreyr/Desktop/3vikna/dt1/reference-tictactoe/apitest/tictactoe.spec.js:30:14)
    at attemptSync (/home/birkirfreyr/Desktop/3vikna/dt1/reference-tictactoe/node_modules/jasmine-core/lib/jasmine-core/jasmine.js:1950:24)
    at QueueRunner.run (/home/birkirfreyr/Desktop/3vikna/dt1/reference-tictactoe/node_modules/jasmine-core/lib/jasmine-core/jasmine.js:1938:9)
    at /home/birkirfreyr/Desktop/3vikna/dt1/reference-tictactoe/node_modules/jasmine-core/lib/jasmine-core/jasmine.js:1962:16
    at /home/birkirfreyr/Desktop/3vikna/dt1/reference-tictactoe/node_modules/jasmine-core/lib/jasmine-core/jasmine.js:1905:9
    at attemptAsync (/home/birkirfreyr/Desktop/3vikna/dt1/reference-tictactoe/node_modules/jasmine-core/lib/jasmine-core/jasmine.js:1983:9)
    at QueueRunner.run (/home/birkirfreyr/Desktop/3vikna/dt1/reference-tictactoe/node_modules/jasmine-core/lib/jasmine-core/jasmine.js:1935:9)
    at /home/birkirfreyr/Desktop/3vikna/dt1/reference-tictactoe/node_modules/jasmine-core/lib/jasmine-core/jasmine.js:1962:16
    at /home/birkirfreyr/Desktop/3vikna/dt1/reference-tictactoe/node_modules/jasmine-core/lib/jasmine-core/jasmine.js:1905:9
    at Timeout.<anonymous> (/home/birkirfreyr/Desktop/3vikna/dt1/reference-tictactoe/node_modules/jasmine-core/lib/jasmine-core/jasmine.js:1975:11)]]>
   </failure>
  </testcase>
 </testsuite>
</testsuites>